<?xml version="1.0" encoding="UTF-8"?>
<coverage generated="1767311566708" clover="3.2.0">
  <project timestamp="1767311566708" name="All files">
    <metrics statements="6" coveredstatements="6" conditionals="2" coveredconditionals="2" methods="2" coveredmethods="2" elements="10" coveredelements="10" complexity="0" loc="6" ncloc="6" packages="1" files="1" classes="1"/>
    <file name="versao.js" path="/home/vitor/formacaoaws/desafio-dezembro/Bia-Ci-CD/api/controllers/versao.js">
      <metrics statements="6" coveredstatements="6" conditionals="2" coveredconditionals="2" methods="2" coveredmethods="2"/>
      <line num="1" count="1" type="stmt"/>
      <line num="2" count="3" type="stmt"/>
      <line num="4" count="3" type="stmt"/>
      <line num="5" count="3" type="cond" truecount="2" falsecount="0"/>
      <line num="6" count="3" type="stmt"/>
      <line num="9" count="3" type="stmt"/>
    </file>
  </project>
</coverage>
