{"/home/vitor/formacaoaws/desafio-dezembro/Bia-Ci-CD/api/controllers/versao.js": {"path":"/home/vitor/formacaoaws/desafio-dezembro/Bia-Ci-CD/api/controllers/versao.js","statementMap":{"0":{"start":{"line":1,"column":0},"end":{"line":10,"column":2}},"1":{"start":{"line":2,"column":21},"end":{"line":2,"column":23}},"2":{"start":{"line":4,"column":2},"end":{"line":7,"column":4}},"3":{"start":{"line":5,"column":27},"end":{"line":5,"column":69}},"4":{"start":{"line":6,"column":4},"end":{"line":6,"column":29}},"5":{"start":{"line":9,"column":2},"end":{"line":9,"column":20}}},"fnMap":{"0":{"name":"(anonymous_0)","decl":{"start":{"line":1,"column":17},"end":{"line":1,"column":18}},"loc":{"start":{"line":1,"column":23},"end":{"line":10,"column":1}},"line":1},"1":{"name":"(anonymous_1)","decl":{"start":{"line":4,"column":19},"end":{"line":4,"column":20}},"loc":{"start":{"line":4,"column":39},"end":{"line":7,"column":3}},"line":4}},"branchMap":{"0":{"loc":{"start":{"line":5,"column":34},"end":{"line":5,"column":67}},"type":"binary-expr","locations":[{"start":{"line":5,"column":34},"end":{"line":5,"column":56}},{"start":{"line":5,"column":60},"end":{"line":5,"column":67}}],"line":5}},"s":{"0":1,"1":3,"2":3,"3":3,"4":3,"5":3},"f":{"0":3,"1":3},"b":{"0":[3,2]},"_coverageSchema":"1a1c01bbd47fc00a2c39e90264f33305004495a9","hash":"92c0416e5a4c99a5e31f0d445a5cf84c136e59cd"}
}
